<?xml version="1.0" encoding="UTF-8"?>
<testng-results skipped="0" failed="0" ignored="0" total="1" passed="1">
  <reporter-output>
  </reporter-output>
  <suite name="Default suite" duration-ms="46856" started-at="2019-03-18T14:34:00Z" finished-at="2019-03-18T14:34:46Z">
    <groups>
    </groups>
    <test name="Default test" duration-ms="46856" started-at="2019-03-18T14:34:00Z" finished-at="2019-03-18T14:34:46Z">
      <class name="RunnerClass.Loginclass">
        <test-method status="PASS" signature="setUp()[pri:0, instance:RunnerClass.Loginclass@6a4f787b]" name="setUp" is-config="true" duration-ms="27795" started-at="2019-03-18T14:34:00Z" finished-at="2019-03-18T14:34:27Z">
          <reporter-output>
          </reporter-output>
        </test-method> <!-- setUp -->
        <test-method status="PASS" signature="mainclass()[pri:0, instance:RunnerClass.Loginclass@6a4f787b]" name="mainclass" duration-ms="19028" started-at="2019-03-18T14:34:27Z" finished-at="2019-03-18T14:34:46Z">
          <reporter-output>
          </reporter-output>
        </test-method> <!-- mainclass -->
      </class> <!-- RunnerClass.Loginclass -->
    </test> <!-- Default test -->
  </suite> <!-- Default suite -->
</testng-results>
